{"error":"Business payment configuration is required. Please setup your M-Pesa credentials first.","level":"error","message":"Business payment STK push failed","service":"payme","timestamp":"2026-02-02T20:49:02.067Z"}
{"error":"Payment configuration is inactive. Please activate in settings.","level":"error","message":"Business payment STK push failed","service":"payme","timestamp":"2026-02-02T20:49:02.100Z"}
{"error":"Missing M-Pesa OAuth credentials (CONSUMER_KEY/CONSUMER_SECRET)","level":"error","message":"B2C payout failed","service":"payme","timestamp":"2026-02-02T20:49:02.107Z"}
{"error":"Business payment configuration is required. Please setup your M-Pesa credentials first.","level":"error","message":"Business payment STK push failed","service":"payme","timestamp":"2026-02-02T20:51:53.625Z"}
{"error":"Payment configuration is inactive. Please activate in settings.","level":"error","message":"Business payment STK push failed","service":"payme","timestamp":"2026-02-02T20:51:53.728Z"}
{"error":"Missing M-Pesa OAuth credentials (CONSUMER_KEY/CONSUMER_SECRET)","level":"error","message":"B2C payout failed","service":"payme","timestamp":"2026-02-02T20:51:53.736Z"}
{"error":"Business payment configuration is required. Please setup your M-Pesa credentials first.","level":"error","message":"Business payment STK push failed","service":"payme","timestamp":"2026-02-02T20:52:47.119Z"}
{"error":"Payment configuration is inactive. Please activate in settings.","level":"error","message":"Business payment STK push failed","service":"payme","timestamp":"2026-02-02T20:52:47.147Z"}
{"error":"Missing M-Pesa OAuth credentials (CONSUMER_KEY/CONSUMER_SECRET)","level":"error","message":"B2C payout failed","service":"payme","timestamp":"2026-02-02T20:52:47.152Z"}
{"error":"Business payment configuration is required. Please setup your M-Pesa credentials first.","level":"error","message":"Business payment STK push failed","service":"payme","timestamp":"2026-02-02T20:53:47.178Z"}
{"error":"Payment configuration is inactive. Please activate in settings.","level":"error","message":"Business payment STK push failed","service":"payme","timestamp":"2026-02-02T20:53:47.206Z"}
{"error":"Missing M-Pesa OAuth credentials (CONSUMER_KEY/CONSUMER_SECRET)","level":"error","message":"B2C payout failed","service":"payme","timestamp":"2026-02-02T20:53:47.213Z"}
{"error":"Business payment configuration is required. Please setup your M-Pesa credentials first.","level":"error","message":"Business payment STK push failed","service":"payme","timestamp":"2026-02-02T20:58:05.956Z"}
{"error":"Payment configuration is inactive. Please activate in settings.","level":"error","message":"Business payment STK push failed","service":"payme","timestamp":"2026-02-02T20:58:06.018Z"}
{"error":"Missing M-Pesa OAuth credentials (CONSUMER_KEY/CONSUMER_SECRET)","level":"error","message":"B2C payout failed","service":"payme","timestamp":"2026-02-02T20:58:06.033Z"}
{"error":"Business payment configuration is required. Please setup your M-Pesa credentials first.","level":"error","message":"Business payment STK push failed","service":"payme","timestamp":"2026-02-03T04:35:50.034Z"}
{"error":"Payment configuration is inactive. Please activate in settings.","level":"error","message":"Business payment STK push failed","service":"payme","timestamp":"2026-02-03T04:35:50.074Z"}
{"error":"Missing M-Pesa OAuth credentials (CONSUMER_KEY/CONSUMER_SECRET)","level":"error","message":"B2C payout failed","service":"payme","timestamp":"2026-02-03T04:35:50.084Z"}
{"error":"Business payment configuration is required. Please setup your M-Pesa credentials first.","level":"error","message":"Business payment STK push failed","service":"payme","timestamp":"2026-02-03T04:44:51.997Z"}
{"error":"Payment configuration is inactive. Please activate in settings.","level":"error","message":"Business payment STK push failed","service":"payme","timestamp":"2026-02-03T04:44:52.017Z"}
{"error":"Missing M-Pesa OAuth credentials (CONSUMER_KEY/CONSUMER_SECRET)","level":"error","message":"B2C payout failed","service":"payme","timestamp":"2026-02-03T04:44:52.025Z"}
{"error":"Business payment configuration is required. Please setup your M-Pesa credentials first.","level":"error","message":"Business payment STK push failed","service":"payme","timestamp":"2026-02-03T04:45:30.470Z"}
{"error":"Payment configuration is inactive. Please activate in settings.","level":"error","message":"Business payment STK push failed","service":"payme","timestamp":"2026-02-03T04:45:30.503Z"}
{"error":"Missing M-Pesa OAuth credentials (CONSUMER_KEY/CONSUMER_SECRET)","level":"error","message":"B2C payout failed","service":"payme","timestamp":"2026-02-03T04:45:30.510Z"}
{"error":"Business payment configuration is required. Please setup your M-Pesa credentials first.","level":"error","message":"Business payment STK push failed","service":"payme","timestamp":"2026-02-03T04:47:42.753Z"}
{"error":"Payment configuration is inactive. Please activate in settings.","level":"error","message":"Business payment STK push failed","service":"payme","timestamp":"2026-02-03T04:47:42.870Z"}
{"error":"Missing M-Pesa OAuth credentials (CONSUMER_KEY/CONSUMER_SECRET)","level":"error","message":"B2C payout failed","service":"payme","timestamp":"2026-02-03T04:47:42.878Z"}
{"error":"Business payment configuration is required. Please setup your M-Pesa credentials first.","level":"error","message":"Business payment STK push failed","service":"payme","timestamp":"2026-02-03T05:07:55.058Z"}
{"error":"Payment configuration is inactive. Please activate in settings.","level":"error","message":"Business payment STK push failed","service":"payme","timestamp":"2026-02-03T05:07:55.098Z"}
{"error":"Missing M-Pesa OAuth credentials (CONSUMER_KEY/CONSUMER_SECRET)","level":"error","message":"B2C payout failed","service":"payme","timestamp":"2026-02-03T05:07:55.113Z"}
{"error":"Business payment configuration is required. Please setup your M-Pesa credentials first.","level":"error","message":"Business payment STK push failed","service":"payme","timestamp":"2026-02-03T05:10:31.828Z"}
{"error":"Payment configuration is inactive. Please activate in settings.","level":"error","message":"Business payment STK push failed","service":"payme","timestamp":"2026-02-03T05:10:31.862Z"}
{"error":"Missing M-Pesa OAuth credentials (CONSUMER_KEY/CONSUMER_SECRET)","level":"error","message":"B2C payout failed","service":"payme","timestamp":"2026-02-03T05:10:31.870Z"}
{"level":"error","message":"Error creating the user: Error: User with this email already exists","service":"payme","timestamp":"2026-02-03T05:11:39.448Z"}
{"level":"error","message":"Error authenticating user: Error: Invalid password","service":"payme","timestamp":"2026-02-03T05:11:39.474Z"}
{"level":"error","message":"Error authenticating user: Error: User not found","service":"payme","timestamp":"2026-02-03T05:11:39.477Z"}
{"level":"error","message":"Error authenticating user: Error: Invalid password","service":"payme","timestamp":"2026-02-03T05:11:39.480Z"}
{"level":"error","message":"Error creating the user: Error: User with this email already exists","service":"payme","timestamp":"2026-02-03T05:11:57.094Z"}
{"level":"error","message":"Error comparing password: TypeError: Cannot read properties of undefined (reading 'split')","service":"payme","timestamp":"2026-02-03T05:11:57.117Z"}
{"level":"error","message":"Error authenticating user: Error: Error comparing password","service":"payme","timestamp":"2026-02-03T05:11:57.117Z"}
{"level":"error","message":"Error authenticating user: Error: User not found","service":"payme","timestamp":"2026-02-03T05:11:57.122Z"}
{"level":"error","message":"Error comparing password: TypeError: Cannot read properties of undefined (reading 'split')","service":"payme","timestamp":"2026-02-03T05:11:57.125Z"}
{"level":"error","message":"Error authenticating user: Error: Error comparing password","service":"payme","timestamp":"2026-02-03T05:11:57.125Z"}
{"level":"error","message":"Error creating the user: Error: User with this email already exists","service":"payme","timestamp":"2026-02-03T05:12:13.380Z"}
{"level":"error","message":"Error authenticating user: Error: User not found","service":"payme","timestamp":"2026-02-03T05:12:13.401Z"}
{"level":"error","message":"Error creating the user: Error: User with this email already exists","service":"payme","timestamp":"2026-02-03T05:12:29.907Z"}
{"level":"error","message":"Error authenticating user: Error: User not found","service":"payme","timestamp":"2026-02-03T05:12:29.933Z"}
{"error":"Business payment configuration is required. Please setup your M-Pesa credentials first.","level":"error","message":"Business payment STK push failed","service":"payme","timestamp":"2026-02-03T05:12:28.460Z"}
{"error":"Payment configuration is inactive. Please activate in settings.","level":"error","message":"Business payment STK push failed","service":"payme","timestamp":"2026-02-03T05:12:28.522Z"}
{"error":"Missing M-Pesa OAuth credentials (CONSUMER_KEY/CONSUMER_SECRET)","level":"error","message":"B2C payout failed","service":"payme","timestamp":"2026-02-03T05:12:28.530Z"}
{"level":"error","message":"Error creating notification (intermediate value) is not iterable","service":"payme","stack":"TypeError: (intermediate value) is not iterable\n    at Object.createNotification (C:\\Users\\kkc12\\payme\\src\\services\\notification.service.js:75:30)\n    at processTicksAndRejections (node:internal/process/task_queues:105:5)\n    at Object.<anonymous> (C:\\Users\\kkc12\\payme\\tests\\notification.test.js:126:22)","timestamp":"2026-02-03T05:13:57.291Z"}
{"level":"error","message":"Error creating notification User 999 not found","service":"payme","stack":"Error: User 999 not found\n    at Object.createNotification (C:\\Users\\kkc12\\payme\\src\\services\\notification.service.js:56:15)\n    at processTicksAndRejections (node:internal/process/task_queues:105:5)\n    at Object.<anonymous> (C:\\Users\\kkc12\\payme\\tests\\notification.test.js:146:7)","timestamp":"2026-02-03T05:13:57.295Z"}
{"level":"error","message":"Error creating notification (intermediate value) is not iterable","service":"payme","stack":"TypeError: (intermediate value) is not iterable\n    at Object.createNotification (C:\\Users\\kkc12\\payme\\src\\services\\notification.service.js:75:30)\n    at Object.<anonymous> (C:\\Users\\kkc12\\payme\\tests\\notification.test.js:126:22)","timestamp":"2026-02-03T05:14:07.944Z"}
{"level":"error","message":"Error creating notification User 999 not found","service":"payme","stack":"Error: User 999 not found\n    at Object.createNotification (C:\\Users\\kkc12\\payme\\src\\services\\notification.service.js:56:15)\n    at Object.<anonymous> (C:\\Users\\kkc12\\payme\\tests\\notification.test.js:146:7)","timestamp":"2026-02-03T05:14:07.948Z"}
{"level":"error","message":"Error creating notification User 999 not found","service":"payme","stack":"Error: User 999 not found\n    at Object.createNotification (C:\\Users\\kkc12\\payme\\src\\services\\notification.service.js:56:15)\n    at processTicksAndRejections (node:internal/process/task_queues:105:5)\n    at Object.<anonymous> (C:\\Users\\kkc12\\payme\\tests\\notification.test.js:105:7)","timestamp":"2026-02-03T05:14:39.555Z"}
{"level":"error","message":"Error creating the user: Error: User with this email already exists","service":"payme","timestamp":"2026-02-03T05:14:56.507Z"}
{"level":"error","message":"Error authenticating user: Error: User not found","service":"payme","timestamp":"2026-02-03T05:14:56.528Z"}
{"error":"Business payment configuration is required. Please setup your M-Pesa credentials first.","level":"error","message":"Business payment STK push failed","service":"payme","timestamp":"2026-02-03T05:14:54.899Z"}
{"error":"Payment configuration is inactive. Please activate in settings.","level":"error","message":"Business payment STK push failed","service":"payme","timestamp":"2026-02-03T05:14:55.008Z"}
{"error":"Missing M-Pesa OAuth credentials (CONSUMER_KEY/CONSUMER_SECRET)","level":"error","message":"B2C payout failed","service":"payme","timestamp":"2026-02-03T05:14:55.057Z"}
{"level":"error","message":"Error creating notification User 999 not found","service":"payme","stack":"Error: User 999 not found\n    at Object.createNotification (C:\\Users\\kkc12\\payme\\src\\services\\notification.service.js:56:15)\n    at processTicksAndRejections (node:internal/process/task_queues:105:5)\n    at Object.<anonymous> (C:\\Users\\kkc12\\payme\\tests\\notification.test.js:105:7)","timestamp":"2026-02-03T05:14:57.277Z"}
{"error":"Business payment configuration is required. Please setup your M-Pesa credentials first.","level":"error","message":"Business payment STK push failed","service":"payme","timestamp":"2026-02-03T12:47:29.210Z"}
{"error":"Payment configuration is inactive. Please activate in settings.","level":"error","message":"Business payment STK push failed","service":"payme","timestamp":"2026-02-03T12:47:29.250Z"}
{"error":"Missing M-Pesa OAuth credentials (CONSUMER_KEY/CONSUMER_SECRET)","level":"error","message":"B2C payout failed","service":"payme","timestamp":"2026-02-03T12:47:29.257Z"}
{"level":"error","message":"Error creating notification User 999 not found","service":"payme","stack":"Error: User 999 not found\n    at Object.createNotification (C:\\Users\\kkc12\\payme\\src\\services\\notification.service.js:56:15)\n    at processTicksAndRejections (node:internal/process/task_queues:105:5)\n    at Object.<anonymous> (C:\\Users\\kkc12\\payme\\tests\\notification.test.js:105:7)","timestamp":"2026-02-03T12:47:31.125Z"}
{"level":"error","message":"Error creating the user: Error: User with this email already exists","service":"payme","timestamp":"2026-02-03T12:47:40.212Z"}
{"level":"error","message":"Error authenticating user: Error: User not found","service":"payme","timestamp":"2026-02-03T12:47:40.245Z"}
{"error":"Business payment configuration is required. Please setup your M-Pesa credentials first.","level":"error","message":"Business payment STK push failed","service":"payme","timestamp":"2026-02-03T12:53:22.181Z"}
{"error":"Payment configuration is inactive. Please activate in settings.","level":"error","message":"Business payment STK push failed","service":"payme","timestamp":"2026-02-03T12:53:22.271Z"}
{"error":"Missing M-Pesa OAuth credentials (CONSUMER_KEY/CONSUMER_SECRET)","level":"error","message":"B2C payout failed","service":"payme","timestamp":"2026-02-03T12:53:22.284Z"}
{"level":"error","message":"Error creating the user: Error: User with this email already exists","service":"payme","timestamp":"2026-02-03T12:53:24.277Z"}
{"level":"error","message":"Error authenticating user: Error: User not found","service":"payme","timestamp":"2026-02-03T12:53:24.301Z"}
{"level":"error","message":"Error creating notification User 999 not found","service":"payme","stack":"Error: User 999 not found\n    at Object.createNotification (C:\\Users\\kkc12\\payme\\src\\services\\notification.service.js:56:15)\n    at processTicksAndRejections (node:internal/process/task_queues:105:5)\n    at Object.<anonymous> (C:\\Users\\kkc12\\payme\\tests\\notification.test.js:105:7)","timestamp":"2026-02-03T12:53:25.072Z"}
{"error":"Business payment configuration is required. Please setup your M-Pesa credentials first.","level":"error","message":"Business payment STK push failed","service":"payme","timestamp":"2026-02-03T13:09:44.897Z"}
{"error":"Payment configuration is inactive. Please activate in settings.","level":"error","message":"Business payment STK push failed","service":"payme","timestamp":"2026-02-03T13:09:44.954Z"}
{"error":"Missing M-Pesa OAuth credentials (CONSUMER_KEY/CONSUMER_SECRET)","level":"error","message":"B2C payout failed","service":"payme","timestamp":"2026-02-03T13:09:44.965Z"}
{"level":"error","message":"Error creating the user: Error: User with this email already exists","service":"payme","timestamp":"2026-02-03T13:09:45.809Z"}
{"level":"error","message":"Error authenticating user: Error: User not found","service":"payme","timestamp":"2026-02-03T13:09:45.827Z"}
{"level":"error","message":"Error creating notification User 999 not found","service":"payme","stack":"Error: User 999 not found\n    at Object.createNotification (C:\\Users\\kkc12\\payme\\src\\services\\notification.service.js:56:15)\n    at processTicksAndRejections (node:internal/process/task_queues:105:5)\n    at Object.<anonymous> (C:\\Users\\kkc12\\payme\\tests\\notification.test.js:105:7)","timestamp":"2026-02-03T13:09:46.472Z"}
{"error":"Business payment configuration is required. Please setup your M-Pesa credentials first.","level":"error","message":"Business payment STK push failed","service":"payme","timestamp":"2026-02-03T13:11:22.126Z"}
{"error":"Payment configuration is inactive. Please activate in settings.","level":"error","message":"Business payment STK push failed","service":"payme","timestamp":"2026-02-03T13:11:22.184Z"}
{"error":"Missing M-Pesa OAuth credentials (CONSUMER_KEY/CONSUMER_SECRET)","level":"error","message":"B2C payout failed","service":"payme","timestamp":"2026-02-03T13:11:22.191Z"}
{"level":"error","message":"Error creating the user: Error: User with this email already exists","service":"payme","timestamp":"2026-02-03T13:11:23.449Z"}
{"level":"error","message":"Error authenticating user: Error: User not found","service":"payme","timestamp":"2026-02-03T13:11:23.468Z"}
{"level":"error","message":"Error creating notification User 999 not found","service":"payme","stack":"Error: User 999 not found\n    at Object.createNotification (C:\\Users\\kkc12\\payme\\src\\services\\notification.service.js:56:15)\n    at processTicksAndRejections (node:internal/process/task_queues:105:5)\n    at Object.<anonymous> (C:\\Users\\kkc12\\payme\\tests\\notification.test.js:105:7)","timestamp":"2026-02-03T13:11:24.174Z"}
{"error":"Business payment configuration is required. Please setup your M-Pesa credentials first.","level":"error","message":"Business payment STK push failed","service":"payme","timestamp":"2026-02-03T13:12:32.971Z"}
{"error":"Payment configuration is inactive. Please activate in settings.","level":"error","message":"Business payment STK push failed","service":"payme","timestamp":"2026-02-03T13:12:33.006Z"}
{"error":"Missing M-Pesa OAuth credentials (CONSUMER_KEY/CONSUMER_SECRET)","level":"error","message":"B2C payout failed","service":"payme","timestamp":"2026-02-03T13:12:33.013Z"}
{"level":"error","message":"Error creating the user: Error: User with this email already exists","service":"payme","timestamp":"2026-02-03T13:12:34.514Z"}
{"level":"error","message":"Error authenticating user: Error: User not found","service":"payme","timestamp":"2026-02-03T13:12:34.538Z"}
{"level":"error","message":"Error creating notification User 999 not found","service":"payme","stack":"Error: User 999 not found\n    at Object.createNotification (C:\\Users\\kkc12\\payme\\src\\services\\notification.service.js:56:15)\n    at processTicksAndRejections (node:internal/process/task_queues:105:5)\n    at Object.<anonymous> (C:\\Users\\kkc12\\payme\\tests\\notification.test.js:105:7)","timestamp":"2026-02-03T13:12:35.317Z"}
{"error":"Business payment configuration is required. Please setup your M-Pesa credentials first.","level":"error","message":"Business payment STK push failed","service":"payme","timestamp":"2026-02-03T13:13:29.005Z"}
{"error":"Payment configuration is inactive. Please activate in settings.","level":"error","message":"Business payment STK push failed","service":"payme","timestamp":"2026-02-03T13:13:29.061Z"}
{"error":"Missing M-Pesa OAuth credentials (CONSUMER_KEY/CONSUMER_SECRET)","level":"error","message":"B2C payout failed","service":"payme","timestamp":"2026-02-03T13:13:29.067Z"}
{"level":"error","message":"Error creating the user: Error: User with this email already exists","service":"payme","timestamp":"2026-02-03T13:13:30.109Z"}
{"level":"error","message":"Error authenticating user: Error: User not found","service":"payme","timestamp":"2026-02-03T13:13:30.133Z"}
{"level":"error","message":"Error creating notification User 999 not found","service":"payme","stack":"Error: User 999 not found\n    at Object.createNotification (C:\\Users\\kkc12\\payme\\src\\services\\notification.service.js:56:15)\n    at processTicksAndRejections (node:internal/process/task_queues:105:5)\n    at Object.<anonymous> (C:\\Users\\kkc12\\payme\\tests\\notification.test.js:105:7)","timestamp":"2026-02-03T13:13:30.808Z"}
{"error":"Business payment configuration is required. Please setup your M-Pesa credentials first.","level":"error","message":"Business payment STK push failed","service":"payme","timestamp":"2026-02-03T13:21:03.006Z"}
{"error":"Payment configuration is inactive. Please activate in settings.","level":"error","message":"Business payment STK push failed","service":"payme","timestamp":"2026-02-03T13:21:03.072Z"}
{"error":"Missing M-Pesa OAuth credentials (CONSUMER_KEY/CONSUMER_SECRET)","level":"error","message":"B2C payout failed","service":"payme","timestamp":"2026-02-03T13:21:03.078Z"}
{"level":"error","message":"Error creating the user: Error: User with this email already exists","service":"payme","timestamp":"2026-02-03T13:21:04.392Z"}
{"level":"error","message":"Error authenticating user: Error: User not found","service":"payme","timestamp":"2026-02-03T13:21:04.414Z"}
{"level":"error","message":"Error creating notification User 999 not found","service":"payme","stack":"Error: User 999 not found\n    at Object.createNotification (C:\\Users\\kkc12\\payme\\src\\services\\notification.service.js:56:15)\n    at processTicksAndRejections (node:internal/process/task_queues:105:5)\n    at Object.<anonymous> (C:\\Users\\kkc12\\payme\\tests\\notification.test.js:105:7)","timestamp":"2026-02-03T13:21:05.086Z"}
{"error":"Business payment configuration is required. Please setup your M-Pesa credentials first.","level":"error","message":"Business payment STK push failed","service":"payme","timestamp":"2026-02-03T13:30:12.769Z"}
{"error":"Payment configuration is inactive. Please activate in settings.","level":"error","message":"Business payment STK push failed","service":"payme","timestamp":"2026-02-03T13:30:12.851Z"}
{"error":"Missing M-Pesa OAuth credentials (CONSUMER_KEY/CONSUMER_SECRET)","level":"error","message":"B2C payout failed","service":"payme","timestamp":"2026-02-03T13:30:12.859Z"}
{"level":"error","message":"Error creating the user: Error: User with this email already exists","service":"payme","timestamp":"2026-02-03T13:30:14.775Z"}
{"level":"error","message":"Error authenticating user: Error: User not found","service":"payme","timestamp":"2026-02-03T13:30:14.810Z"}
{"level":"error","message":"Error creating notification User 999 not found","service":"payme","stack":"Error: User 999 not found\n    at Object.createNotification (C:\\Users\\kkc12\\payme\\src\\services\\notification.service.js:56:15)\n    at processTicksAndRejections (node:internal/process/task_queues:105:5)\n    at Object.<anonymous> (C:\\Users\\kkc12\\payme\\tests\\notification.test.js:105:7)","timestamp":"2026-02-03T13:30:15.753Z"}
{"error":"Business payment configuration is required. Please setup your M-Pesa credentials first.","level":"error","message":"Business payment STK push failed","service":"payme","timestamp":"2026-02-03T13:36:14.601Z"}
{"error":"Payment configuration is inactive. Please activate in settings.","level":"error","message":"Business payment STK push failed","service":"payme","timestamp":"2026-02-03T13:36:14.630Z"}
{"error":"Missing M-Pesa OAuth credentials (CONSUMER_KEY/CONSUMER_SECRET)","level":"error","message":"B2C payout failed","service":"payme","timestamp":"2026-02-03T13:36:14.636Z"}
{"level":"error","message":"Error creating the user: Error: User with this email already exists","service":"payme","timestamp":"2026-02-03T13:36:15.750Z"}
{"level":"error","message":"Error authenticating user: Error: User not found","service":"payme","timestamp":"2026-02-03T13:36:15.765Z"}
{"level":"error","message":"Error creating notification User 999 not found","service":"payme","stack":"Error: User 999 not found\n    at Object.createNotification (C:\\Users\\kkc12\\payme\\src\\services\\notification.service.js:56:15)\n    at processTicksAndRejections (node:internal/process/task_queues:105:5)\n    at Object.<anonymous> (C:\\Users\\kkc12\\payme\\tests\\notification.test.js:105:7)","timestamp":"2026-02-03T13:36:16.237Z"}
{"error":"Missing required parameters: phone, amount, accountReference","level":"error","message":"Token purchase STK push failed","service":"payme","timestamp":"2026-02-03T13:42:27.423Z"}
{"error":"Missing required parameters: phone, amount, accountReference","level":"error","message":"Token purchase STK push failed","service":"payme","timestamp":"2026-02-03T13:42:27.428Z"}
{"error":"Missing required parameters: phone, amount, accountReference","level":"error","message":"Token purchase STK push failed","service":"payme","timestamp":"2026-02-03T13:42:27.431Z"}
{"error":"Request failed with status code 400","level":"error","message":"Token purchase STK push failed","service":"payme","timestamp":"2026-02-03T13:42:29.443Z"}
{"error":"Missing M-Pesa OAuth credentials (CONSUMER_KEY/CONSUMER_SECRET)","level":"error","message":"Token purchase STK push failed","service":"payme","timestamp":"2026-02-03T13:42:29.499Z"}
{"error":"Business payment configuration is required. Please setup your M-Pesa credentials first.","level":"error","message":"Business payment STK push failed","service":"payme","timestamp":"2026-02-03T13:42:29.503Z"}
{"error":"Payment configuration is inactive. Please activate in settings.","level":"error","message":"Business payment STK push failed","service":"payme","timestamp":"2026-02-03T13:42:29.506Z"}
{"error":"Request failed with status code 400","level":"error","message":"B2C payout failed","service":"payme","timestamp":"2026-02-03T13:42:29.760Z"}
{"error":"Request failed with status code 400","level":"error","message":"B2C payout failed","service":"payme","timestamp":"2026-02-03T13:42:30.001Z"}
{"error":"Request failed with status code 400","level":"error","message":"B2C payout failed","service":"payme","timestamp":"2026-02-03T13:42:30.234Z"}
{"error":"Missing required parameters: phone, amount, accountReference","level":"error","message":"Token purchase STK push failed","service":"payme","timestamp":"2026-02-03T13:44:25.040Z"}
{"error":"Missing required parameters: phone, amount, accountReference","level":"error","message":"Token purchase STK push failed","service":"payme","timestamp":"2026-02-03T13:44:25.045Z"}
{"error":"Missing required parameters: phone, amount, accountReference","level":"error","message":"Token purchase STK push failed","service":"payme","timestamp":"2026-02-03T13:44:25.059Z"}
{"error":"Request failed with status code 400","level":"error","message":"Token purchase STK push failed","service":"payme","timestamp":"2026-02-03T13:44:26.492Z"}
{"error":"Missing M-Pesa OAuth credentials (CONSUMER_KEY/CONSUMER_SECRET)","level":"error","message":"Token purchase STK push failed","service":"payme","timestamp":"2026-02-03T13:44:26.496Z"}
{"error":"Business payment configuration is required. Please setup your M-Pesa credentials first.","level":"error","message":"Business payment STK push failed","service":"payme","timestamp":"2026-02-03T13:44:26.500Z"}
{"error":"Payment configuration is inactive. Please activate in settings.","level":"error","message":"Business payment STK push failed","service":"payme","timestamp":"2026-02-03T13:44:26.504Z"}
{"error":"Request failed with status code 400","level":"error","message":"B2C payout failed","service":"payme","timestamp":"2026-02-03T13:44:26.989Z"}
{"error":"Request failed with status code 400","level":"error","message":"B2C payout failed","service":"payme","timestamp":"2026-02-03T13:44:27.507Z"}
{"error":"Request failed with status code 400","level":"error","message":"B2C payout failed","service":"payme","timestamp":"2026-02-03T13:44:27.887Z"}
{"error":"Missing required parameters: phone, amount, accountReference","level":"error","message":"Token purchase STK push failed","service":"payme","timestamp":"2026-02-03T13:47:57.578Z"}
{"error":"Missing required parameters: phone, amount, accountReference","level":"error","message":"Token purchase STK push failed","service":"payme","timestamp":"2026-02-03T13:47:57.589Z"}
{"error":"Missing required parameters: phone, amount, accountReference","level":"error","message":"Token purchase STK push failed","service":"payme","timestamp":"2026-02-03T13:47:57.593Z"}
{"level":"error","message":"Error creating the user: Error: User with this email already exists","service":"payme","timestamp":"2026-02-03T13:47:59.177Z"}
{"level":"error","message":"Error authenticating user: Error: User not found","service":"payme","timestamp":"2026-02-03T13:47:59.235Z"}
{"error":"Request failed with status code 400","level":"error","message":"Token purchase STK push failed","service":"payme","timestamp":"2026-02-03T13:47:59.772Z"}
{"error":"Missing M-Pesa OAuth credentials (CONSUMER_KEY/CONSUMER_SECRET)","level":"error","message":"Token purchase STK push failed","service":"payme","timestamp":"2026-02-03T13:47:59.775Z"}
{"error":"Business payment configuration is required. Please setup your M-Pesa credentials first.","level":"error","message":"Business payment STK push failed","service":"payme","timestamp":"2026-02-03T13:47:59.779Z"}
{"error":"Payment configuration is inactive. Please activate in settings.","level":"error","message":"Business payment STK push failed","service":"payme","timestamp":"2026-02-03T13:47:59.782Z"}
{"error":"Request failed with status code 400","level":"error","message":"B2C payout failed","service":"payme","timestamp":"2026-02-03T13:48:00.026Z"}
{"error":"Request failed with status code 400","level":"error","message":"B2C payout failed","service":"payme","timestamp":"2026-02-03T13:48:00.270Z"}
{"error":"Request failed with status code 403","level":"error","message":"B2C payout failed","service":"payme","timestamp":"2026-02-03T13:48:00.340Z"}
{"level":"error","message":"Error creating notification User 999 not found","service":"payme","stack":"Error: User 999 not found\n    at Object.createNotification (C:\\Users\\kkc12\\payme\\src\\services\\notification.service.js:56:15)\n    at processTicksAndRejections (node:internal/process/task_queues:105:5)\n    at Object.<anonymous> (C:\\Users\\kkc12\\payme\\tests\\notification.test.js:105:7)","timestamp":"2026-02-03T13:48:00.409Z"}
{"level":"error","message":"Error creating the user: Error: User with this email already exists","service":"payme","timestamp":"2026-02-03T13:57:58.168Z"}
{"level":"error","message":"Error authenticating user: Error: User not found","service":"payme","timestamp":"2026-02-03T13:58:01.913Z"}
{"error":"Missing required parameters: phone, amount, accountReference","level":"error","message":"Token purchase STK push failed","service":"payme","timestamp":"2026-02-03T13:58:01.495Z"}
{"error":"Missing required parameters: phone, amount, accountReference","level":"error","message":"Token purchase STK push failed","service":"payme","timestamp":"2026-02-03T13:58:01.514Z"}
{"error":"Missing required parameters: phone, amount, accountReference","level":"error","message":"Token purchase STK push failed","service":"payme","timestamp":"2026-02-03T13:58:01.540Z"}
{"error":"Request failed with status code 400","level":"error","message":"Token purchase STK push failed","service":"payme","timestamp":"2026-02-03T13:58:07.682Z"}
{"error":"Missing M-Pesa OAuth credentials (CONSUMER_KEY/CONSUMER_SECRET)","level":"error","message":"Token purchase STK push failed","service":"payme","timestamp":"2026-02-03T13:58:07.701Z"}
{"error":"Business payment configuration is required. Please setup your M-Pesa credentials first.","level":"error","message":"Business payment STK push failed","service":"payme","timestamp":"2026-02-03T13:58:07.717Z"}
{"error":"Payment configuration is inactive. Please activate in settings.","level":"error","message":"Business payment STK push failed","service":"payme","timestamp":"2026-02-03T13:58:07.730Z"}
{"error":"Request failed with status code 400","level":"error","message":"B2C payout failed","service":"payme","timestamp":"2026-02-03T13:58:08.113Z"}
{"error":"Request failed with status code 400","level":"error","message":"B2C payout failed","service":"payme","timestamp":"2026-02-03T13:58:08.403Z"}
{"error":"Request failed with status code 403","level":"error","message":"B2C payout failed","service":"payme","timestamp":"2026-02-03T13:58:08.592Z"}
{"level":"error","message":"Error creating notification User 999 not found","service":"payme","stack":"Error: User 999 not found\n    at Object.createNotification (C:\\Users\\kkc12\\payme\\src\\services\\notification.service.js:56:15)\n    at processTicksAndRejections (node:internal/process/task_queues:105:5)\n    at Object.<anonymous> (C:\\Users\\kkc12\\payme\\tests\\notification.test.js:105:7)","timestamp":"2026-02-03T13:58:22.750Z"}
{"error":"Missing required parameters: phone, amount, accountReference","level":"error","message":"Token purchase STK push failed","service":"payme","timestamp":"2026-02-03T14:00:44.620Z"}
{"error":"Missing required parameters: phone, amount, accountReference","level":"error","message":"Token purchase STK push failed","service":"payme","timestamp":"2026-02-03T14:00:44.646Z"}
{"error":"Missing required parameters: phone, amount, accountReference","level":"error","message":"Token purchase STK push failed","service":"payme","timestamp":"2026-02-03T14:00:44.672Z"}
{"error":"Request failed with status code 400","level":"error","message":"Token purchase STK push failed","service":"payme","timestamp":"2026-02-03T14:00:48.687Z"}
{"error":"Missing M-Pesa OAuth credentials (CONSUMER_KEY/CONSUMER_SECRET)","level":"error","message":"Token purchase STK push failed","service":"payme","timestamp":"2026-02-03T14:00:48.708Z"}
{"error":"Business payment configuration is required. Please setup your M-Pesa credentials first.","level":"error","message":"Business payment STK push failed","service":"payme","timestamp":"2026-02-03T14:00:48.733Z"}
{"error":"Payment configuration is inactive. Please activate in settings.","level":"error","message":"Business payment STK push failed","service":"payme","timestamp":"2026-02-03T14:00:48.751Z"}
{"error":"Request failed with status code 400","level":"error","message":"B2C payout failed","service":"payme","timestamp":"2026-02-03T14:00:49.340Z"}
{"error":"Request failed with status code 400","level":"error","message":"B2C payout failed","service":"payme","timestamp":"2026-02-03T14:00:49.767Z"}
{"error":"Request failed with status code 403","level":"error","message":"B2C payout failed","service":"payme","timestamp":"2026-02-03T14:00:50.134Z"}
{"error":"Missing required parameters: phone, amount, accountReference","level":"error","message":"Token purchase STK push failed","service":"payme","timestamp":"2026-02-03T14:05:42.459Z"}
{"error":"Missing required parameters: phone, amount, accountReference","level":"error","message":"Token purchase STK push failed","service":"payme","timestamp":"2026-02-03T14:05:42.464Z"}
{"error":"Missing required parameters: phone, amount, accountReference","level":"error","message":"Token purchase STK push failed","service":"payme","timestamp":"2026-02-03T14:05:42.469Z"}
{"error":"Request failed with status code 400","level":"error","message":"Token purchase STK push failed","service":"payme","timestamp":"2026-02-03T14:05:43.776Z"}
{"error":"Missing M-Pesa OAuth credentials (CONSUMER_KEY/CONSUMER_SECRET)","level":"error","message":"Token purchase STK push failed","service":"payme","timestamp":"2026-02-03T14:05:43.778Z"}
{"error":"Business payment configuration is required. Please setup your M-Pesa credentials first.","level":"error","message":"Business payment STK push failed","service":"payme","timestamp":"2026-02-03T14:05:43.780Z"}
{"error":"Payment configuration is inactive. Please activate in settings.","level":"error","message":"Business payment STK push failed","service":"payme","timestamp":"2026-02-03T14:05:43.783Z"}
{"level":"error","message":"Error creating notification User 999 not found","service":"payme","stack":"Error: User 999 not found\n    at Object.createNotification (C:\\Users\\kkc12\\payme\\src\\services\\notification.service.js:56:15)\n    at processTicksAndRejections (node:internal/process/task_queues:105:5)\n    at Object.<anonymous> (C:\\Users\\kkc12\\payme\\tests\\notification.test.js:105:7)","timestamp":"2026-02-03T14:05:43.844Z"}
{"error":"Request failed with status code 400","level":"error","message":"B2C payout failed","service":"payme","timestamp":"2026-02-03T14:05:44.025Z"}
{"error":"Request failed with status code 400","level":"error","message":"B2C payout failed","service":"payme","timestamp":"2026-02-03T14:05:44.256Z"}
{"error":"Request failed with status code 403","level":"error","message":"B2C payout failed","service":"payme","timestamp":"2026-02-03T14:05:44.332Z"}
{"error":"Missing required parameters: phone, amount, accountReference","level":"error","message":"Token purchase STK push failed","service":"payme","timestamp":"2026-02-03T14:16:39.018Z"}
{"error":"Missing required parameters: phone, amount, accountReference","level":"error","message":"Token purchase STK push failed","service":"payme","timestamp":"2026-02-03T14:16:39.022Z"}
{"error":"Missing required parameters: phone, amount, accountReference","level":"error","message":"Token purchase STK push failed","service":"payme","timestamp":"2026-02-03T14:16:39.026Z"}
{"error":"Request failed with status code 400","level":"error","message":"Token purchase STK push failed","service":"payme","timestamp":"2026-02-03T14:16:40.423Z"}
{"error":"Missing M-Pesa OAuth credentials (CONSUMER_KEY/CONSUMER_SECRET)","level":"error","message":"Token purchase STK push failed","service":"payme","timestamp":"2026-02-03T14:16:40.427Z"}
{"error":"Business payment configuration is required. Please setup your M-Pesa credentials first.","level":"error","message":"Business payment STK push failed","service":"payme","timestamp":"2026-02-03T14:16:40.431Z"}
{"error":"Payment configuration is inactive. Please activate in settings.","level":"error","message":"Business payment STK push failed","service":"payme","timestamp":"2026-02-03T14:16:40.436Z"}
{"error":"Request failed with status code 400","level":"error","message":"B2C payout failed","service":"payme","timestamp":"2026-02-03T14:16:40.752Z"}
{"error":"Request failed with status code 400","level":"error","message":"B2C payout failed","service":"payme","timestamp":"2026-02-03T14:16:40.989Z"}
{"level":"error","message":"Error creating notification User 999 not found","service":"payme","stack":"Error: User 999 not found\n    at Object.createNotification (C:\\Users\\kkc12\\payme\\src\\services\\notification.service.js:56:15)\n    at processTicksAndRejections (node:internal/process/task_queues:105:5)\n    at Object.<anonymous> (C:\\Users\\kkc12\\payme\\tests\\notification.test.js:105:7)","timestamp":"2026-02-03T14:16:40.490Z"}
{"error":"Request failed with status code 403","level":"error","message":"B2C payout failed","service":"payme","timestamp":"2026-02-03T14:16:41.073Z"}
{"level":"error","message":"Error creating the user: Error: User with this email already exists","service":"payme","timestamp":"2026-02-03T14:16:40.705Z"}
{"level":"error","message":"Error authenticating user: Error: User not found","service":"payme","timestamp":"2026-02-03T14:16:40.735Z"}
{"error":"Missing required parameters: phone, amount, accountReference","level":"error","message":"Token purchase STK push failed","service":"payme","timestamp":"2026-02-03T14:19:27.630Z"}
{"error":"Missing required parameters: phone, amount, accountReference","level":"error","message":"Token purchase STK push failed","service":"payme","timestamp":"2026-02-03T14:19:27.634Z"}
{"error":"Missing required parameters: phone, amount, accountReference","level":"error","message":"Token purchase STK push failed","service":"payme","timestamp":"2026-02-03T14:19:27.638Z"}
{"level":"error","message":"Error creating the user: Error: User with this email already exists","service":"payme","timestamp":"2026-02-03T14:19:27.606Z"}
{"level":"error","message":"Error authenticating user: Error: User not found","service":"payme","timestamp":"2026-02-03T14:19:27.649Z"}
{"level":"error","message":"Error creating notification User 999 not found","service":"payme","stack":"Error: User 999 not found\n    at Object.createNotification (C:\\Users\\kkc12\\payme\\src\\services\\notification.service.js:56:15)\n    at processTicksAndRejections (node:internal/process/task_queues:105:5)\n    at Object.<anonymous> (C:\\Users\\kkc12\\payme\\tests\\notification.test.js:105:7)","timestamp":"2026-02-03T14:19:28.822Z"}
{"error":"Request failed with status code 400","level":"error","message":"Token purchase STK push failed","service":"payme","timestamp":"2026-02-03T14:19:28.924Z"}
{"error":"Missing M-Pesa OAuth credentials (CONSUMER_KEY/CONSUMER_SECRET)","level":"error","message":"Token purchase STK push failed","service":"payme","timestamp":"2026-02-03T14:19:28.929Z"}
{"error":"Business payment configuration is required. Please setup your M-Pesa credentials first.","level":"error","message":"Business payment STK push failed","service":"payme","timestamp":"2026-02-03T14:19:28.932Z"}
{"error":"Payment configuration is inactive. Please activate in settings.","level":"error","message":"Business payment STK push failed","service":"payme","timestamp":"2026-02-03T14:19:28.934Z"}
{"error":"Request failed with status code 400","level":"error","message":"B2C payout failed","service":"payme","timestamp":"2026-02-03T14:19:29.180Z"}
{"error":"Request failed with status code 400","level":"error","message":"B2C payout failed","service":"payme","timestamp":"2026-02-03T14:19:29.501Z"}
{"error":"Request failed with status code 403","level":"error","message":"B2C payout failed","service":"payme","timestamp":"2026-02-03T14:19:29.594Z"}
{"error":"Missing required parameters: phone, amount, accountReference","level":"error","message":"Token purchase STK push failed","service":"payme","timestamp":"2026-02-03T14:21:09.125Z"}
{"error":"Missing required parameters: phone, amount, accountReference","level":"error","message":"Token purchase STK push failed","service":"payme","timestamp":"2026-02-03T14:21:09.131Z"}
{"error":"Missing required parameters: phone, amount, accountReference","level":"error","message":"Token purchase STK push failed","service":"payme","timestamp":"2026-02-03T14:21:09.136Z"}
{"error":"Request failed with status code 400","level":"error","message":"Token purchase STK push failed","service":"payme","timestamp":"2026-02-03T14:21:10.656Z"}
{"error":"Missing M-Pesa OAuth credentials (CONSUMER_KEY/CONSUMER_SECRET)","level":"error","message":"Token purchase STK push failed","service":"payme","timestamp":"2026-02-03T14:21:10.660Z"}
{"error":"Business payment configuration is required. Please setup your M-Pesa credentials first.","level":"error","message":"Business payment STK push failed","service":"payme","timestamp":"2026-02-03T14:21:10.662Z"}
{"error":"Payment configuration is inactive. Please activate in settings.","level":"error","message":"Business payment STK push failed","service":"payme","timestamp":"2026-02-03T14:21:10.666Z"}
{"error":"Request failed with status code 400","level":"error","message":"B2C payout failed","service":"payme","timestamp":"2026-02-03T14:21:10.908Z"}
{"error":"Request failed with status code 400","level":"error","message":"B2C payout failed","service":"payme","timestamp":"2026-02-03T14:21:11.303Z"}
{"error":"Request failed with status code 403","level":"error","message":"B2C payout failed","service":"payme","timestamp":"2026-02-03T14:21:11.395Z"}
{"level":"error","message":"Error creating notification User 999 not found","service":"payme","stack":"Error: User 999 not found\n    at Object.createNotification (C:\\Users\\kkc12\\payme\\src\\services\\notification.service.js:56:15)\n    at processTicksAndRejections (node:internal/process/task_queues:105:5)\n    at Object.<anonymous> (C:\\Users\\kkc12\\payme\\tests\\notification.test.js:105:7)","timestamp":"2026-02-03T14:21:11.640Z"}
{"level":"error","message":"Error creating the user: Error: User with this email already exists","service":"payme","timestamp":"2026-02-03T14:21:09.237Z"}
{"level":"error","message":"Error authenticating user: Error: User not found","service":"payme","timestamp":"2026-02-03T14:21:09.337Z"}
{"error":"Missing required parameters: phone, amount, accountReference","level":"error","message":"Token purchase STK push failed","service":"payme","timestamp":"2026-02-03T14:25:48.103Z"}
{"error":"Missing required parameters: phone, amount, accountReference","level":"error","message":"Token purchase STK push failed","service":"payme","timestamp":"2026-02-03T14:25:48.138Z"}
{"error":"Missing required parameters: phone, amount, accountReference","level":"error","message":"Token purchase STK push failed","service":"payme","timestamp":"2026-02-03T14:25:48.165Z"}
{"error":"Request failed with status code 400","level":"error","message":"Token purchase STK push failed","service":"payme","timestamp":"2026-02-03T14:25:52.434Z"}
{"error":"Missing M-Pesa OAuth credentials (CONSUMER_KEY/CONSUMER_SECRET)","level":"error","message":"Token purchase STK push failed","service":"payme","timestamp":"2026-02-03T14:25:52.499Z"}
{"error":"Business payment configuration is required. Please setup your M-Pesa credentials first.","level":"error","message":"Business payment STK push failed","service":"payme","timestamp":"2026-02-03T14:25:52.523Z"}
{"error":"Payment configuration is inactive. Please activate in settings.","level":"error","message":"Business payment STK push failed","service":"payme","timestamp":"2026-02-03T14:25:52.539Z"}
{"error":"Request failed with status code 400","level":"error","message":"B2C payout failed","service":"payme","timestamp":"2026-02-03T14:25:52.861Z"}
{"level":"error","message":"Error creating the user: Error: User with this email already exists","service":"payme","timestamp":"2026-02-03T14:25:47.845Z"}
{"level":"error","message":"Error authenticating user: Error: User not found","service":"payme","timestamp":"2026-02-03T14:25:48.148Z"}
{"error":"Request failed with status code 400","level":"error","message":"B2C payout failed","service":"payme","timestamp":"2026-02-03T14:25:53.158Z"}
{"error":"Request failed with status code 403","level":"error","message":"B2C payout failed","service":"payme","timestamp":"2026-02-03T14:25:53.344Z"}
{"level":"error","message":"Error creating notification User 999 not found","service":"payme","stack":"Error: User 999 not found\n    at Object.createNotification (C:\\Users\\kkc12\\payme\\src\\services\\notification.service.js:56:15)\n    at processTicksAndRejections (node:internal/process/task_queues:105:5)\n    at Object.<anonymous> (C:\\Users\\kkc12\\payme\\tests\\notification.test.js:105:7)","timestamp":"2026-02-03T14:25:58.969Z"}
{"error":"Missing required parameters: phone, amount, accountReference","level":"error","message":"Token purchase STK push failed","service":"payme","timestamp":"2026-02-03T14:28:17.323Z"}
{"error":"Missing required parameters: phone, amount, accountReference","level":"error","message":"Token purchase STK push failed","service":"payme","timestamp":"2026-02-03T14:28:17.327Z"}
{"error":"Missing required parameters: phone, amount, accountReference","level":"error","message":"Token purchase STK push failed","service":"payme","timestamp":"2026-02-03T14:28:17.330Z"}
{"level":"error","message":"Error creating the user: Error: User with this email already exists","service":"payme","timestamp":"2026-02-03T14:28:17.335Z"}
{"level":"error","message":"Error authenticating user: Error: User not found","service":"payme","timestamp":"2026-02-03T14:28:17.371Z"}
{"level":"error","message":"Error creating notification User 999 not found","service":"payme","stack":"Error: User 999 not found\n    at Object.createNotification (C:\\Users\\kkc12\\payme\\src\\services\\notification.service.js:56:15)\n    at processTicksAndRejections (node:internal/process/task_queues:105:5)\n    at Object.<anonymous> (C:\\Users\\kkc12\\payme\\tests\\notification.test.js:105:7)","timestamp":"2026-02-03T14:28:18.349Z"}
{"error":"Request failed with status code 400","level":"error","message":"Token purchase STK push failed","service":"payme","timestamp":"2026-02-03T14:28:18.882Z"}
{"error":"Missing M-Pesa OAuth credentials (CONSUMER_KEY/CONSUMER_SECRET)","level":"error","message":"Token purchase STK push failed","service":"payme","timestamp":"2026-02-03T14:28:18.886Z"}
{"error":"Business payment configuration is required. Please setup your M-Pesa credentials first.","level":"error","message":"Business payment STK push failed","service":"payme","timestamp":"2026-02-03T14:28:18.889Z"}
{"error":"Payment configuration is inactive. Please activate in settings.","level":"error","message":"Business payment STK push failed","service":"payme","timestamp":"2026-02-03T14:28:18.891Z"}
{"error":"Request failed with status code 400","level":"error","message":"B2C payout failed","service":"payme","timestamp":"2026-02-03T14:28:19.144Z"}
{"error":"Request failed with status code 400","level":"error","message":"B2C payout failed","service":"payme","timestamp":"2026-02-03T14:28:19.426Z"}
{"error":"Request failed with status code 403","level":"error","message":"B2C payout failed","service":"payme","timestamp":"2026-02-03T14:28:19.541Z"}
{"level":"error","message":"Error creating the user: Error: User with this email already exists","service":"payme","timestamp":"2026-02-03T14:44:29.942Z"}
{"level":"error","message":"Error authenticating user: Error: User not found","service":"payme","timestamp":"2026-02-03T14:44:30.057Z"}
{"error":"Missing required parameters: phone, amount, accountReference","level":"error","message":"Token purchase STK push failed","service":"payme","timestamp":"2026-02-03T14:44:29.977Z"}
{"error":"Missing required parameters: phone, amount, accountReference","level":"error","message":"Token purchase STK push failed","service":"payme","timestamp":"2026-02-03T14:44:29.984Z"}
{"error":"Missing required parameters: phone, amount, accountReference","level":"error","message":"Token purchase STK push failed","service":"payme","timestamp":"2026-02-03T14:44:30.000Z"}
{"error":"Request failed with status code 400","level":"error","message":"Token purchase STK push failed","service":"payme","timestamp":"2026-02-03T14:44:31.417Z"}
{"error":"Missing M-Pesa OAuth credentials (CONSUMER_KEY/CONSUMER_SECRET)","level":"error","message":"Token purchase STK push failed","service":"payme","timestamp":"2026-02-03T14:44:31.420Z"}
{"error":"Business payment configuration is required. Please setup your M-Pesa credentials first.","level":"error","message":"Business payment STK push failed","service":"payme","timestamp":"2026-02-03T14:44:31.423Z"}
{"error":"Payment configuration is inactive. Please activate in settings.","level":"error","message":"Business payment STK push failed","service":"payme","timestamp":"2026-02-03T14:44:31.432Z"}
{"error":"Request failed with status code 400","level":"error","message":"B2C payout failed","service":"payme","timestamp":"2026-02-03T14:44:31.768Z"}
{"error":"Request failed with status code 400","level":"error","message":"B2C payout failed","service":"payme","timestamp":"2026-02-03T14:44:32.008Z"}
{"error":"Request failed with status code 403","level":"error","message":"B2C payout failed","service":"payme","timestamp":"2026-02-03T14:44:32.221Z"}
{"level":"error","message":"Error creating notification User 999 not found","service":"payme","stack":"Error: User 999 not found\n    at Object.createNotification (C:\\Users\\kkc12\\payme\\src\\services\\notification.service.js:56:15)\n    at processTicksAndRejections (node:internal/process/task_queues:105:5)\n    at Object.<anonymous> (C:\\Users\\kkc12\\payme\\tests\\notification.test.js:105:7)","timestamp":"2026-02-03T14:44:32.251Z"}
{"error":"Missing required parameters: phone, amount, accountReference","level":"error","message":"Token purchase STK push failed","service":"payme","timestamp":"2026-02-03T14:46:48.969Z"}
{"error":"Missing required parameters: phone, amount, accountReference","level":"error","message":"Token purchase STK push failed","service":"payme","timestamp":"2026-02-03T14:46:48.974Z"}
{"error":"Missing required parameters: phone, amount, accountReference","level":"error","message":"Token purchase STK push failed","service":"payme","timestamp":"2026-02-03T14:46:48.983Z"}
{"level":"error","message":"Error creating the user: Error: User with this email already exists","service":"payme","timestamp":"2026-02-03T14:46:49.105Z"}
{"level":"error","message":"Error authenticating user: Error: User not found","service":"payme","timestamp":"2026-02-03T14:46:49.157Z"}
{"error":"Request failed with status code 400","level":"error","message":"Token purchase STK push failed","service":"payme","timestamp":"2026-02-03T14:46:50.163Z"}
{"error":"Missing M-Pesa OAuth credentials (CONSUMER_KEY/CONSUMER_SECRET)","level":"error","message":"Token purchase STK push failed","service":"payme","timestamp":"2026-02-03T14:46:50.165Z"}
{"error":"Business payment configuration is required. Please setup your M-Pesa credentials first.","level":"error","message":"Business payment STK push failed","service":"payme","timestamp":"2026-02-03T14:46:50.167Z"}
{"error":"Payment configuration is inactive. Please activate in settings.","level":"error","message":"Business payment STK push failed","service":"payme","timestamp":"2026-02-03T14:46:50.169Z"}
{"level":"error","message":"Error creating notification User 999 not found","service":"payme","stack":"Error: User 999 not found\n    at Object.createNotification (C:\\Users\\kkc12\\payme\\src\\services\\notification.service.js:56:15)\n    at processTicksAndRejections (node:internal/process/task_queues:105:5)\n    at Object.<anonymous> (C:\\Users\\kkc12\\payme\\tests\\notification.test.js:105:7)","timestamp":"2026-02-03T14:46:50.221Z"}
{"error":"Request failed with status code 400","level":"error","message":"B2C payout failed","service":"payme","timestamp":"2026-02-03T14:46:50.409Z"}
{"error":"Request failed with status code 400","level":"error","message":"B2C payout failed","service":"payme","timestamp":"2026-02-03T14:46:50.645Z"}
{"error":"Request failed with status code 403","level":"error","message":"B2C payout failed","service":"payme","timestamp":"2026-02-03T14:46:50.715Z"}
{"error":"Missing required parameters: phone, amount, accountReference","level":"error","message":"Token purchase STK push failed","service":"payme","timestamp":"2026-02-03T14:47:30.327Z"}
{"error":"Missing required parameters: phone, amount, accountReference","level":"error","message":"Token purchase STK push failed","service":"payme","timestamp":"2026-02-03T14:47:30.331Z"}
{"error":"Missing required parameters: phone, amount, accountReference","level":"error","message":"Token purchase STK push failed","service":"payme","timestamp":"2026-02-03T14:47:30.334Z"}
{"error":"Request failed with status code 403","level":"error","message":"Token purchase STK push failed","service":"payme","timestamp":"2026-02-03T14:47:31.083Z"}
{"error":"Missing M-Pesa OAuth credentials (CONSUMER_KEY/CONSUMER_SECRET)","level":"error","message":"Token purchase STK push failed","service":"payme","timestamp":"2026-02-03T14:47:31.086Z"}
{"error":"Business payment configuration is required. Please setup your M-Pesa credentials first.","level":"error","message":"Business payment STK push failed","service":"payme","timestamp":"2026-02-03T14:47:31.088Z"}
{"error":"Payment configuration is inactive. Please activate in settings.","level":"error","message":"Business payment STK push failed","service":"payme","timestamp":"2026-02-03T14:47:31.100Z"}
{"level":"error","message":"Error creating the user: Error: User with this email already exists","service":"payme","timestamp":"2026-02-03T14:47:30.622Z"}
{"level":"error","message":"Error authenticating user: Error: User not found","service":"payme","timestamp":"2026-02-03T14:47:30.662Z"}
{"error":"Request failed with status code 403","level":"error","message":"B2C payout failed","service":"payme","timestamp":"2026-02-03T14:47:31.316Z"}
{"error":"Request failed with status code 403","level":"error","message":"B2C payout failed","service":"payme","timestamp":"2026-02-03T14:47:31.548Z"}
{"level":"error","message":"Error creating notification User 999 not found","service":"payme","stack":"Error: User 999 not found\n    at Object.createNotification (C:\\Users\\kkc12\\payme\\src\\services\\notification.service.js:56:15)\n    at processTicksAndRejections (node:internal/process/task_queues:105:5)\n    at Object.<anonymous> (C:\\Users\\kkc12\\payme\\tests\\notification.test.js:105:7)","timestamp":"2026-02-03T14:47:31.557Z"}
{"error":"Request failed with status code 403","level":"error","message":"B2C payout failed","service":"payme","timestamp":"2026-02-03T14:47:31.760Z"}
{"level":"error","message":"Error creating the user: Error: User with this email already exists","service":"payme","timestamp":"2026-02-03T14:48:26.003Z"}
{"level":"error","message":"Error authenticating user: Error: User not found","service":"payme","timestamp":"2026-02-03T14:48:26.095Z"}
{"error":"Missing required parameters: phone, amount, accountReference","level":"error","message":"Token purchase STK push failed","service":"payme","timestamp":"2026-02-03T14:48:26.000Z"}
{"error":"Missing required parameters: phone, amount, accountReference","level":"error","message":"Token purchase STK push failed","service":"payme","timestamp":"2026-02-03T14:48:26.041Z"}
{"error":"Missing required parameters: phone, amount, accountReference","level":"error","message":"Token purchase STK push failed","service":"payme","timestamp":"2026-02-03T14:48:26.045Z"}
{"error":"Request failed with status code 400","level":"error","message":"Token purchase STK push failed","service":"payme","timestamp":"2026-02-03T14:48:27.557Z"}
{"error":"Missing M-Pesa OAuth credentials (CONSUMER_KEY/CONSUMER_SECRET)","level":"error","message":"Token purchase STK push failed","service":"payme","timestamp":"2026-02-03T14:48:27.561Z"}
{"error":"Business payment configuration is required. Please setup your M-Pesa credentials first.","level":"error","message":"Business payment STK push failed","service":"payme","timestamp":"2026-02-03T14:48:27.567Z"}
{"error":"Payment configuration is inactive. Please activate in settings.","level":"error","message":"Business payment STK push failed","service":"payme","timestamp":"2026-02-03T14:48:27.573Z"}
{"error":"Request failed with status code 400","level":"error","message":"B2C payout failed","service":"payme","timestamp":"2026-02-03T14:48:27.819Z"}
{"error":"Request failed with status code 400","level":"error","message":"B2C payout failed","service":"payme","timestamp":"2026-02-03T14:48:28.064Z"}
{"error":"Request failed with status code 403","level":"error","message":"B2C payout failed","service":"payme","timestamp":"2026-02-03T14:48:28.136Z"}
{"level":"error","message":"Error creating notification User 999 not found","service":"payme","stack":"Error: User 999 not found\n    at Object.createNotification (C:\\Users\\kkc12\\payme\\src\\services\\notification.service.js:56:15)\n    at processTicksAndRejections (node:internal/process/task_queues:105:5)\n    at Object.<anonymous> (C:\\Users\\kkc12\\payme\\tests\\notification.test.js:105:7)","timestamp":"2026-02-03T14:48:28.823Z"}
{"error":"Missing required parameters: phone, amount, accountReference","level":"error","message":"Token purchase STK push failed","service":"payme","timestamp":"2026-02-03T14:51:30.815Z"}
{"error":"Missing required parameters: phone, amount, accountReference","level":"error","message":"Token purchase STK push failed","service":"payme","timestamp":"2026-02-03T14:51:30.819Z"}
{"error":"Missing required parameters: phone, amount, accountReference","level":"error","message":"Token purchase STK push failed","service":"payme","timestamp":"2026-02-03T14:51:30.822Z"}
{"level":"error","message":"Error creating the user: Error: User with this email already exists","service":"payme","timestamp":"2026-02-03T14:51:31.013Z"}
{"level":"error","message":"Error authenticating user: Error: User not found","service":"payme","timestamp":"2026-02-03T14:51:31.089Z"}
{"error":"Request failed with status code 400","level":"error","message":"Token purchase STK push failed","service":"payme","timestamp":"2026-02-03T14:51:32.193Z"}
{"error":"Missing M-Pesa OAuth credentials (CONSUMER_KEY/CONSUMER_SECRET)","level":"error","message":"Token purchase STK push failed","service":"payme","timestamp":"2026-02-03T14:51:32.196Z"}
{"error":"Business payment configuration is required. Please setup your M-Pesa credentials first.","level":"error","message":"Business payment STK push failed","service":"payme","timestamp":"2026-02-03T14:51:32.199Z"}
{"error":"Payment configuration is inactive. Please activate in settings.","level":"error","message":"Business payment STK push failed","service":"payme","timestamp":"2026-02-03T14:51:32.202Z"}
{"error":"Request failed with status code 400","level":"error","message":"B2C payout failed","service":"payme","timestamp":"2026-02-03T14:51:32.461Z"}
{"level":"error","message":"Error creating notification User 999 not found","service":"payme","stack":"Error: User 999 not found\n    at Object.createNotification (C:\\Users\\kkc12\\payme\\src\\services\\notification.service.js:56:15)\n    at processTicksAndRejections (node:internal/process/task_queues:105:5)\n    at Object.<anonymous> (C:\\Users\\kkc12\\payme\\tests\\notification.test.js:105:7)","timestamp":"2026-02-03T14:51:32.541Z"}
{"error":"Request failed with status code 400","level":"error","message":"B2C payout failed","service":"payme","timestamp":"2026-02-03T14:51:32.690Z"}
{"error":"Request failed with status code 403","level":"error","message":"B2C payout failed","service":"payme","timestamp":"2026-02-03T14:51:32.769Z"}
{"error":"Missing required parameters: phone, amount, accountReference","level":"error","message":"Token purchase STK push failed","service":"payme","timestamp":"2026-02-03T14:51:52.652Z"}
{"error":"Missing required parameters: phone, amount, accountReference","level":"error","message":"Token purchase STK push failed","service":"payme","timestamp":"2026-02-03T14:51:52.656Z"}
{"error":"Missing required parameters: phone, amount, accountReference","level":"error","message":"Token purchase STK push failed","service":"payme","timestamp":"2026-02-03T14:51:52.659Z"}
{"error":"Request failed with status code 403","level":"error","message":"Token purchase STK push failed","service":"payme","timestamp":"2026-02-03T14:51:53.429Z"}
{"error":"Missing M-Pesa OAuth credentials (CONSUMER_KEY/CONSUMER_SECRET)","level":"error","message":"Token purchase STK push failed","service":"payme","timestamp":"2026-02-03T14:51:53.432Z"}
{"error":"Business payment configuration is required. Please setup your M-Pesa credentials first.","level":"error","message":"Business payment STK push failed","service":"payme","timestamp":"2026-02-03T14:51:53.436Z"}
{"error":"Payment configuration is inactive. Please activate in settings.","level":"error","message":"Business payment STK push failed","service":"payme","timestamp":"2026-02-03T14:51:53.438Z"}
{"level":"error","message":"Error creating the user: Error: User with this email already exists","service":"payme","timestamp":"2026-02-03T14:51:52.947Z"}
{"level":"error","message":"Error authenticating user: Error: User not found","service":"payme","timestamp":"2026-02-03T14:51:52.987Z"}
{"error":"Request failed with status code 403","level":"error","message":"B2C payout failed","service":"payme","timestamp":"2026-02-03T14:51:53.689Z"}
{"error":"Request failed with status code 403","level":"error","message":"B2C payout failed","service":"payme","timestamp":"2026-02-03T14:51:53.909Z"}
{"level":"error","message":"Error creating notification User 999 not found","service":"payme","stack":"Error: User 999 not found\n    at Object.createNotification (C:\\Users\\kkc12\\payme\\src\\services\\notification.service.js:56:15)\n    at processTicksAndRejections (node:internal/process/task_queues:105:5)\n    at Object.<anonymous> (C:\\Users\\kkc12\\payme\\tests\\notification.test.js:105:7)","timestamp":"2026-02-03T14:51:53.982Z"}
{"error":"Request failed with status code 403","level":"error","message":"B2C payout failed","service":"payme","timestamp":"2026-02-03T14:51:54.108Z"}
{"error":"Missing required parameters: phone, amount, accountReference","level":"error","message":"Token purchase STK push failed","service":"payme","timestamp":"2026-02-03T14:54:00.639Z"}
{"error":"Missing required parameters: phone, amount, accountReference","level":"error","message":"Token purchase STK push failed","service":"payme","timestamp":"2026-02-03T14:54:00.642Z"}
{"error":"Missing required parameters: phone, amount, accountReference","level":"error","message":"Token purchase STK push failed","service":"payme","timestamp":"2026-02-03T14:54:00.645Z"}
{"level":"error","message":"Error creating the user: Error: User with this email already exists","service":"payme","timestamp":"2026-02-03T14:54:00.723Z"}
{"level":"error","message":"Error authenticating user: Error: User not found","service":"payme","timestamp":"2026-02-03T14:54:00.765Z"}
{"error":"Request failed with status code 400","level":"error","message":"Token purchase STK push failed","service":"payme","timestamp":"2026-02-03T14:54:01.907Z"}
{"error":"Missing M-Pesa OAuth credentials (CONSUMER_KEY/CONSUMER_SECRET)","level":"error","message":"Token purchase STK push failed","service":"payme","timestamp":"2026-02-03T14:54:01.910Z"}
{"error":"Business payment configuration is required. Please setup your M-Pesa credentials first.","level":"error","message":"Business payment STK push failed","service":"payme","timestamp":"2026-02-03T14:54:01.913Z"}
{"error":"Payment configuration is inactive. Please activate in settings.","level":"error","message":"Business payment STK push failed","service":"payme","timestamp":"2026-02-03T14:54:01.915Z"}
{"error":"Request failed with status code 400","level":"error","message":"B2C payout failed","service":"payme","timestamp":"2026-02-03T14:54:02.171Z"}
{"error":"Request failed with status code 400","level":"error","message":"B2C payout failed","service":"payme","timestamp":"2026-02-03T14:54:02.422Z"}
{"error":"Request failed with status code 403","level":"error","message":"B2C payout failed","service":"payme","timestamp":"2026-02-03T14:54:02.513Z"}
{"level":"error","message":"Error creating notification User 999 not found","service":"payme","stack":"Error: User 999 not found\n    at Object.createNotification (C:\\Users\\kkc12\\payme\\src\\services\\notification.service.js:56:15)\n    at processTicksAndRejections (node:internal/process/task_queues:105:5)\n    at Object.<anonymous> (C:\\Users\\kkc12\\payme\\tests\\notification.test.js:105:7)","timestamp":"2026-02-03T14:54:02.686Z"}
{"level":"error","message":"Error creating the user: Error: User with this email already exists","service":"payme","timestamp":"2026-02-03T14:57:58.160Z"}
{"level":"error","message":"Error authenticating user: Error: User not found","service":"payme","timestamp":"2026-02-03T14:57:58.218Z"}
{"error":"Missing required parameters: phone, amount, accountReference","level":"error","message":"Token purchase STK push failed","service":"payme","timestamp":"2026-02-03T14:57:57.929Z"}
{"error":"Missing required parameters: phone, amount, accountReference","level":"error","message":"Token purchase STK push failed","service":"payme","timestamp":"2026-02-03T14:57:57.934Z"}
{"error":"Missing required parameters: phone, amount, accountReference","level":"error","message":"Token purchase STK push failed","service":"payme","timestamp":"2026-02-03T14:57:57.949Z"}
{"error":"Request failed with status code 400","level":"error","message":"Token purchase STK push failed","service":"payme","timestamp":"2026-02-03T14:57:59.349Z"}
{"error":"Missing M-Pesa OAuth credentials (CONSUMER_KEY/CONSUMER_SECRET)","level":"error","message":"Token purchase STK push failed","service":"payme","timestamp":"2026-02-03T14:57:59.354Z"}
{"error":"Business payment configuration is required. Please setup your M-Pesa credentials first.","level":"error","message":"Business payment STK push failed","service":"payme","timestamp":"2026-02-03T14:57:59.356Z"}
{"error":"Payment configuration is inactive. Please activate in settings.","level":"error","message":"Business payment STK push failed","service":"payme","timestamp":"2026-02-03T14:57:59.359Z"}
{"error":"Request failed with status code 400","level":"error","message":"B2C payout failed","service":"payme","timestamp":"2026-02-03T14:57:59.603Z"}
{"error":"Request failed with status code 400","level":"error","message":"B2C payout failed","service":"payme","timestamp":"2026-02-03T14:57:59.837Z"}
{"error":"Request failed with status code 403","level":"error","message":"B2C payout failed","service":"payme","timestamp":"2026-02-03T14:57:59.985Z"}
{"level":"error","message":"Error creating notification User 999 not found","service":"payme","stack":"Error: User 999 not found\n    at Object.createNotification (C:\\Users\\kkc12\\payme\\src\\services\\notification.service.js:56:15)\n    at processTicksAndRejections (node:internal/process/task_queues:105:5)\n    at Object.<anonymous> (C:\\Users\\kkc12\\payme\\tests\\notification.test.js:105:7)","timestamp":"2026-02-03T14:57:59.994Z"}
{"error":"Missing required parameters: phone, amount, accountReference","level":"error","message":"Token purchase STK push failed","service":"payme","timestamp":"2026-02-03T15:08:41.407Z"}
{"error":"Missing required parameters: phone, amount, accountReference","level":"error","message":"Token purchase STK push failed","service":"payme","timestamp":"2026-02-03T15:08:41.412Z"}
{"error":"Missing required parameters: phone, amount, accountReference","level":"error","message":"Token purchase STK push failed","service":"payme","timestamp":"2026-02-03T15:08:41.415Z"}
{"level":"error","message":"Error creating the user: Error: User with this email already exists","service":"payme","timestamp":"2026-02-03T15:08:41.328Z"}
{"level":"error","message":"Error authenticating user: Error: User not found","service":"payme","timestamp":"2026-02-03T15:08:41.385Z"}
{"error":"Request failed with status code 400","level":"error","message":"Token purchase STK push failed","service":"payme","timestamp":"2026-02-03T15:08:42.603Z"}
{"error":"Missing M-Pesa OAuth credentials (CONSUMER_KEY/CONSUMER_SECRET)","level":"error","message":"Token purchase STK push failed","service":"payme","timestamp":"2026-02-03T15:08:42.607Z"}
{"error":"Business payment configuration is required. Please setup your M-Pesa credentials first.","level":"error","message":"Business payment STK push failed","service":"payme","timestamp":"2026-02-03T15:08:42.612Z"}
{"error":"Payment configuration is inactive. Please activate in settings.","level":"error","message":"Business payment STK push failed","service":"payme","timestamp":"2026-02-03T15:08:42.615Z"}
{"level":"error","message":"Error creating notification User 999 not found","service":"payme","stack":"Error: User 999 not found\n    at Object.createNotification (C:\\Users\\kkc12\\payme\\src\\services\\notification.service.js:56:15)\n    at processTicksAndRejections (node:internal/process/task_queues:105:5)\n    at Object.<anonymous> (C:\\Users\\kkc12\\payme\\tests\\notification.test.js:105:7)","timestamp":"2026-02-03T15:08:42.830Z"}
{"error":"Request failed with status code 400","level":"error","message":"B2C payout failed","service":"payme","timestamp":"2026-02-03T15:08:42.869Z"}
{"error":"Request failed with status code 400","level":"error","message":"B2C payout failed","service":"payme","timestamp":"2026-02-03T15:08:43.108Z"}
{"error":"Request failed with status code 403","level":"error","message":"B2C payout failed","service":"payme","timestamp":"2026-02-03T15:08:43.181Z"}
{"error":"Missing required parameters: phone, amount, accountReference","level":"error","message":"Token purchase STK push failed","service":"payme","timestamp":"2026-02-03T15:10:34.828Z"}
{"error":"Missing required parameters: phone, amount, accountReference","level":"error","message":"Token purchase STK push failed","service":"payme","timestamp":"2026-02-03T15:10:34.831Z"}
{"error":"Missing required parameters: phone, amount, accountReference","level":"error","message":"Token purchase STK push failed","service":"payme","timestamp":"2026-02-03T15:10:34.835Z"}
{"level":"error","message":"Error creating the user: Error: User with this email already exists","service":"payme","timestamp":"2026-02-03T15:10:34.775Z"}
{"level":"error","message":"Error authenticating user: Error: User not found","service":"payme","timestamp":"2026-02-03T15:10:34.833Z"}
{"level":"error","message":"Error creating notification User 999 not found","service":"payme","stack":"Error: User 999 not found\n    at Object.createNotification (C:\\Users\\kkc12\\payme\\src\\services\\notification.service.js:56:15)\n    at processTicksAndRejections (node:internal/process/task_queues:105:5)\n    at Object.<anonymous> (C:\\Users\\kkc12\\payme\\tests\\notification.test.js:105:7)","timestamp":"2026-02-03T15:10:36.205Z"}
{"error":"Request failed with status code 400","level":"error","message":"Token purchase STK push failed","service":"payme","timestamp":"2026-02-03T15:10:38.960Z"}
{"error":"Missing M-Pesa OAuth credentials (CONSUMER_KEY/CONSUMER_SECRET)","level":"error","message":"Token purchase STK push failed","service":"payme","timestamp":"2026-02-03T15:10:38.963Z"}
{"error":"Business payment configuration is required. Please setup your M-Pesa credentials first.","level":"error","message":"Business payment STK push failed","service":"payme","timestamp":"2026-02-03T15:10:38.966Z"}
{"error":"Payment configuration is inactive. Please activate in settings.","level":"error","message":"Business payment STK push failed","service":"payme","timestamp":"2026-02-03T15:10:38.969Z"}
{"error":"Request failed with status code 400","level":"error","message":"B2C payout failed","service":"payme","timestamp":"2026-02-03T15:10:39.264Z"}
{"error":"Request failed with status code 400","level":"error","message":"B2C payout failed","service":"payme","timestamp":"2026-02-03T15:10:39.505Z"}
{"error":"Request failed with status code 403","level":"error","message":"B2C payout failed","service":"payme","timestamp":"2026-02-03T15:10:39.581Z"}
{"error":"Missing required parameters: phone, amount, accountReference","level":"error","message":"Token purchase STK push failed","service":"payme","timestamp":"2026-02-03T15:34:47.896Z"}
{"error":"Missing required parameters: phone, amount, accountReference","level":"error","message":"Token purchase STK push failed","service":"payme","timestamp":"2026-02-03T15:34:47.899Z"}
{"error":"Missing required parameters: phone, amount, accountReference","level":"error","message":"Token purchase STK push failed","service":"payme","timestamp":"2026-02-03T15:34:47.905Z"}
{"level":"error","message":"Error creating the user: Error: User with this email already exists","service":"payme","timestamp":"2026-02-03T15:34:48.126Z"}
{"level":"error","message":"Error authenticating user: Error: User not found","service":"payme","timestamp":"2026-02-03T15:34:48.172Z"}
{"error":"Request failed with status code 400","level":"error","message":"Token purchase STK push failed","service":"payme","timestamp":"2026-02-03T15:34:49.243Z"}
{"error":"Missing M-Pesa OAuth credentials (CONSUMER_KEY/CONSUMER_SECRET)","level":"error","message":"Token purchase STK push failed","service":"payme","timestamp":"2026-02-03T15:34:49.246Z"}
{"error":"Business payment configuration is required. Please setup your M-Pesa credentials first.","level":"error","message":"Business payment STK push failed","service":"payme","timestamp":"2026-02-03T15:34:49.249Z"}
{"error":"Payment configuration is inactive. Please activate in settings.","level":"error","message":"Business payment STK push failed","service":"payme","timestamp":"2026-02-03T15:34:49.252Z"}
{"error":"Request failed with status code 400","level":"error","message":"B2C payout failed","service":"payme","timestamp":"2026-02-03T15:34:49.536Z"}
{"level":"error","message":"Error creating notification User 999 not found","service":"payme","stack":"Error: User 999 not found\n    at Object.createNotification (C:\\Users\\kkc12\\payme\\src\\services\\notification.service.js:56:15)\n    at processTicksAndRejections (node:internal/process/task_queues:105:5)\n    at Object.<anonymous> (C:\\Users\\kkc12\\payme\\tests\\notification.test.js:105:7)","timestamp":"2026-02-03T15:34:49.627Z"}
{"error":"Request failed with status code 400","level":"error","message":"B2C payout failed","service":"payme","timestamp":"2026-02-03T15:34:49.780Z"}
{"error":"Request failed with status code 403","level":"error","message":"B2C payout failed","service":"payme","timestamp":"2026-02-03T15:34:49.853Z"}
